
heart_beat_kill_pid = 7489
heart_beat_timeout = 11
heart: Mon Apr 28 13:58:20 2014: Erlang has closed.
/usr/local/Cellar/couchdb/1.5.0/bin/couchdb: line 336: echo: write error: Broken pipe
heart: Mon Apr 28 13:58:20 2014: Executed "/usr/local/Cellar/couchdb/1.5.0/bin/couchdb -k" -> 256. Terminating.

heart_beat_kill_pid = 10399
heart_beat_timeout = 11
heart: Mon Apr 28 18:38:18 2014: heart-beat time-out, no activity for 10804 seconds
/usr/local/Cellar/couchdb/1.5.0/bin/couchdb: line 336: echo: write error: Broken pipe
heart: Mon Apr 28 18:38:19 2014: Executed "/usr/local/Cellar/couchdb/1.5.0/bin/couchdb -k" -> 256. Terminating.

heart_beat_kill_pid = 1217
heart_beat_timeout = 11
heart: Tue Apr 29 11:31:34 2014: Erlang has closed.
/usr/local/Cellar/couchdb/1.5.0/bin/couchdb: line 336: echo: write error: Broken pipe
heart: Tue Apr 29 11:31:34 2014: Executed "/usr/local/Cellar/couchdb/1.5.0/bin/couchdb -k" -> 256. Terminating.

heart_beat_kill_pid = 15583
heart_beat_timeout = 11
heart: Tue Apr 29 13:01:47 2014: Erlang has closed.
/usr/local/Cellar/couchdb/1.5.0/bin/couchdb: line 336: echo: write error: Broken pipe
heart: Tue Apr 29 13:01:47 2014: Executed "/usr/local/Cellar/couchdb/1.5.0/bin/couchdb -k" -> 256. Terminating.

heart_beat_kill_pid = 48629
heart_beat_timeout = 11
heart: Tue Apr 29 20:38:28 2014: Erlang has closed.
/usr/local/Cellar/couchdb/1.5.0/bin/couchdb: line 336: echo: write error: Broken pipe
heart: Tue Apr 29 20:38:28 2014: Executed "/usr/local/Cellar/couchdb/1.5.0/bin/couchdb -k" -> 256. Terminating.

heart_beat_kill_pid = 15494
heart_beat_timeout = 11
heart: Tue May 27 12:51:20 2014: heart-beat time-out, no activity for 3595 seconds
/usr/local/Cellar/couchdb/1.5.0/bin/couchdb: line 336: echo: write error: Broken pipe
heart: Tue May 27 12:51:21 2014: Executed "/usr/local/Cellar/couchdb/1.5.0/bin/couchdb -k" -> 256. Terminating.

heart_beat_kill_pid = 60600
heart_beat_timeout = 11
heart: Tue May 27 21:23:54 2014: Erlang has closed.
/usr/local/Cellar/couchdb/1.5.0/bin/couchdb: line 336: echo: write error: Broken pipe
heart: Tue May 27 21:23:54 2014: Executed "/usr/local/Cellar/couchdb/1.5.0/bin/couchdb -k" -> 256. Terminating.
